1bm3
1jfq
2v7n
1plg
3gi8
3eyo
1nc2
1ce1
3eot
1z3g
2a6d
1gig
1a7n
1oaz
1fsk
3gk8
1p7k
1e6o
2dqf
1lk3
1il1
1it9
1cfv
2fx9
1dee
1dbm
1bey
1t66
1hi6
1fns
1mhp
3duu
2fed
2qqk
3dv4
3dsf
1aqk
1rur
2gcy
1fl3
1vfa
3hns
1oau
2ny1
1a7q
1mvu
1ine
1fvc
2c1o
1ad0
1mpa
3ejy
2osl
1d6v
1s78
1e4w
3fct
2vxt
2vxu
1otu
2ht4
3cxd
2ntf
1ztx
1a3l
1m7i
1qfu
2orb
2aj3
1cfn
2gsg
2g5b
1jnn
1kfa
1bvl
1cgs
1a2y
2zcl
2b2x
1ruq
1lo2
3hc4
3ffd
1q0y
2nxy
1nmb
1zlu
2dbl
1d5i
3hnt
6fab
2nyy
1q9r
1u6a
2bdn
1a7o
2ig2
2fb4
1vfb
1p4b
1ad9
1ikf
3hi5
1oak
1jps
1yed
3ijs
2fee
1cz8
2ny7
3cfb
2dqg
3be1
1ngq
2h1p
2rcs
1a7r
3d85
1ucb
2fjh
8fab
1rih
3cmo
1ck0
1ind
1frg
1q9o
2or9
2zuq
2dqt
1a7p
1uwe
1rz8
1zlv
1wcb
1cfq
1keg
3dus
2vxs
2w65
1n8z
2zch
1f3d
12e8
3fmg
1ifh
1za3
3eyf
1a6w
1ymh
2exw
1ap2
1xf3
1a6t
3ijy
1bbd
43c9
1mhh
1uwg
1uz6
3ijh
2b0s
3eoa
1nca
2oz4
1yef
1kip
2a1w
1q9k
1nma
3det
1mfd
1a5f
2fd6
1yqv
1ott
1k6q
1d5b
1dbb
3g6d
3bt2
1rmf
1fbi
1ibg
1qyg
1pg7
1qbl
3hc3
3d9a
1vge
3gje
2aep
1dl7
1dvf
1cr9
1ejo
2c1p
1kel
3dv6
2nxz
1yy8
1t2q
2nr6
1lo4
1t04
1rjl
2dtm
2g60
1uac
1for
1n4x
1yy9
2dqh
3clf
2fx8
2ny0
1igf
1v7n
1kno
1cic
1fgn
3dur
15c8
2ddq
3dvn
1zea
2h2s
1hh6
1xgy
3cfc
2r23
3bn9
1fve
1eo8
1qfw
2hlf
1axs
2r2e
1dlf
1dsf
1dba
1jnh
1gc1
1ots
2arj
1fh5
1fdl
1nfd
1dn0
3ck0
1jhl
2v7h
1mfe
2dqu
2j5l
1zlw
1yee
2htl
2vwe
1cft
1q9l
2i60
1q1j
1dqq
2h9g
2qql
1jpt
2jel
1oaq
2fjg
1tzg
3bky
1q9q
1qbm
3hi6
2w60
3bqu
35c8
3dvg
1dfb
1mf2
1lo3
1i8m
1bbj
1q9t
1mqk
1ktr
1j1p
1uj3
2bfv
2fx7
1fn4
2qhr
2v17
2dqi
3cle
1seq
1rfd
2ny6
1j1x
1ob1
1i9i
1tet
2ny4
1t4k
1cfs
1g9n
1q9w
2eiz
1m71
1qkz
3bpc
1i8i
2gjz
3giz
1mcp
1m7d
2q76
3cfk
2uud
1mfb
2gsi
1w72
2dqc
2zkh
2igf
2ht3
2mpa
2qr0
2fjf
2qqn
2eh7
1sy6
1osp
43ca
1tzi
3hb3
1xct
1i9r
1mrf
2fgw
1c08
1ae6
1j1o
1eap
2eks
1op3
1clo
3ggw
1mlc
1ic4
1h3p
2aab
2op4
1mre
1hin
1c5b
1fe8
1yeh
2ny5
1a3r
1kiq
1tqb
3hae
1e6j
1ncc
3ikc
2r1y
1wt5
3eo9
3fn0
2cgr
1n64
1ua6
2r29
3ejz
2r1w
2cju
2o5x
1him
1tqc
1ncb
1xf4
3b9k
1kb5
1flr
1mju
1bfv
2r8s
1oay
1wc7
1yym
1ncd
1uwx
1mfa
2ap2
2r2h
2ck0
1tzh
1bln
2i5y
2b1a
3c2a
2b1h
3i9g
1pz5
1s3k
1rzk
2dlf
1nld
3c09
1h0d
2fr4
2yss
1ynl
1uz8
1ic5
1a0q
2brr
1c1e
1f11
1gpo
1c5c
1ngz
1jn6
2mcp
1ndm
1ynt
1b4j
1y18
2j4w
2d03
1nc4
1p4i
3bsz
1mjj
2r0l
1f4y
1xcq
1yeg
1bfo
1i8k
3g04
1v7m
2zck
1opg
1uyw
2adi
1hil
1zan
2aeq
3hc0
1ngw
3eyq
1yyl
3g6j
1hh9
1op5
1bvk
1ynk
1a6v
2i9l
1dql
1fpt
2dqj
2ny2
1ahw
3c6s
2iff
1om3
1l7i
1cly
1kem
1c5d
1riv
1oar
1cl7
2r9h
2pcp
1dqd
1mim
2ht2
1yuh
1igm
3hnv
2vis
1y0l
1fvd
1iqd
1emt
1zls
1iai_1
3bgf
2vit
2f19
1xf2
1bql
2uyl
1ngy
1f4x
2fbj
1ar1
1dbk
1yjd
1rzj
2ny3
2o5z
1i3g
2adj
1mrc
2hrp
1sbs
1a6u
2bmk
1rz7
1r24
1ct8
1dqj
2fat
3h42
3i2c
4fab
1f4w
1clz
2exy
2dqd
1mfc
1ndg
1iqw
25c8
1cu4
2jix
1fgv
2r56
1tpx
1riu
1e4x
1bog
1q72
2eh8
1dqm
2r1x
1g9m
1adq
1mh5
3e8u
1bz7
1qle
2vir
1mam
3gi9
2adf
3cfj
2zpk
1j05
1igc
2o5y
1fj1
1jnl
2gfb
1mrd
2hfg
1mlb
2htk
1ehl
1l7t
1yec
1ngp
1xf5
2vxv
1oax
1xiw
1ic7
2gk0
3bz4
1dbj
2d7t
1sm3
1psk
1a14
1mnu
1wej
1kir
3g6a
1q9v
1i9j
1axt
1q0x
1t3f
1fai
2dqe
3bdy
2adg
1bj1
2h2p
2r2b
1lo0
