1fl3
2f5a
1tjg
3bqu_1
2jb5
2jb6
1ind
1oar
1a6w
1a6u
1yuh
1oax
1oay
1mfe
1q0x
1p4i
1p4b
1bm3
1opg
1fe8
1wc7
1i8i
2q76
1mlb
1gpo
1qfw_1
1qfw_2
2bfv
1bfv
1eap
1c12
1jhl
1ezv
1ar1
1mqk
1a14
1fn4
3b9k
1bfo
1k6q
1d5b
1d5i
1ahw
1bog
1k4c
2hvj
2oz4
1yy8
3bgf
2aep
2aeq
2z4q
1n4x
1ktr
1aif
2aab
1ck0
1dvf_2
2jix
1cz8
1rjl
1yjd
1osp
6fab
1jfq
1r24
1bz7
1ay1
1bgx
1zan
2j88
1qbl
1jhk
1jgl
1fdl
1cic_2
1kb5
3fmg
1bbj
1c5d
1t4k
1oak
1fns
2vxt
1gaf
1aj7
2adf
1uj3
1l7i
1bey
3hc4
3hc3
3hc0
1igm
1bvk
3eo9
1tzh
1fgv
2fgw
3bdy
1dql
3fzu
1za3
1fve
1fvd
1fvc
1n8z
2qqk
2hfg
3g6j
2h9g
3grw
2fjf
2r0l
3bn9
3hi5
2r8s
2qr0
1tzi
2fjh
2qqn
1pg7_1
1s3k
1dee
1bj1
3c09
1fj1
2cmr
1t04
1b2w
1rzg
1dfb
1ad9
2bdn
2eh7
1e4w
1emt
3hns
2v7h
1xiw
1fbi
3cfd
1fai
2a6d
1nma
1nmb
1ikf
1mam
1hys
1n5y
1ynt
2ajs
1dqd
1a3l
1i3g
1ots
15c8
1seq
1yqv
1bql
2gsi
1f58
2zch
1iqw
2or9
1h0d
2orb
1ejo
2r29
3i2c
32c2
1j05
1a7q
1kir
1a7r
1a7n
1a7o
1a7p
1kip
1kiq
1a2y
1vfa
2v7n
1i9r
1ndg
1ndm
1dqj
1dqm
1fh5
2dqi
1j1o
1j1p
1j1x
1ic7
1ic4
2dqf
2dqc
2dqd
2dqe
2dqg
1ua6
2dqh
1ic5
1c08
3hfm
2fd6
1ggi
1ggb
3dv4
3dus
3bsz
1nsn
1cf8
1q9o
2zuq
1q9k
1mhh
2g5b
1il1
1sbs
3bz4
3c5s
1xgy
1uz6
3cfb
1ae6
1mjj
1q72
1mh5
3gk8
1cic_1
1ztx
1iai_1
2nr6
1acy
1rz8
2i60
3d85
1ncb
1nca
1kcv
1wt5
1yec
1yed
1yee
3gi8
3dur
2arj
1h3p
2r56
2d7t
1mcp
1frg
1mvu
1ap2
1hil
1a5f
1bbd
1a3r
3cle
3clf
12e8
3cmo
1ob1
1mnu
1rih
1f11
2i9l
3e8u
1uwe
1lk3
1mf2
1lo4
2g60
1clz
2a1w
3bae
1tet
1kel
1igf
2jel
2ipt
2iqa
2r0w
3eys
2ddq
2ipu
2r0z
2iq9
1ehl
2dtm
2dqu
2dqt
2pcp
1lo0
1f3d
1cl7
1bln
2v17
1f8t
1m71
1tpx
1dba
1ncw
1ru9
1rmf
2h1p
1dsf
1cbv
1mre
1mrc
1mrd
1t66
2hkf
2hkh
1igi
1flr
1plg
4fab
1qfu
1fpt
1dlf
1kfa
1cu4
1cr9
2w60
1nld
43c9
1l7t
1i9i
2vxq
1c5b
2vwe
2fbj
1e6j
2nyy
2gcy
1dn0
3eyf
3eyo
3giz
3eyq
1u6a
2ny7
1it9
2agj
1tzg
1mj7
1mie
1mj8
3b2u
2vxv
2yss
2eks
2eiz
1gc1
1g9m
1xf3
1i8m
8fab
3fn0
1rhh
1axs
1uwg
1cgs
1ynl
1t2q
2d03
2c1o
2c1p
1vge
2z91
1ct8
1ngx
1ngw
2gjz
1a4k
1c1e
2o5x
1a4j
1axt
2uyl
1y18
1y0l
1fig
2brr
1orq
3h42
2adg
3bqu_2
3i9g
3eo0
1etz
1uwx
1iqd
1a0q
1mhp
1rzi
3hi6
1rz7
2w9d
1ibg
3ijh
1sm3
1cly
2aj3
3g04
3c08
2hwz
3h0t
2vxs
1fsk
1igc
1uyw
1b4j
1qkz
1aqk
1pg7_2
1jn6
2ntf
1nc2
1dl7
1gig
1ngp
1ocw
1oaq
1a6v
1mfb
1f4w
1eo8
2b2x
3eot
1kno
2gfb
2osl
3bky
1for
1ors
1psk
1ken
2w9e
1sy6
1z3g
1baf
1jnl
1mim
1mfa
2qhr
3ffd
2gsg
3gje
3hae
1rzf
1a6t
2b0s
2fb4
1q1j
1clo
1ad0
2uud
2cju
1v7m
1jrh
2j4w
2dd8
3g6a
1w72
3dvg
3dvn
2zpk
3gbn
3gbm
1om3
1zlv
1nfd
3cxd
1adq
