12e8
1a0q
1a2y
1a3r
1a4j
1a4k
1a6t
1a6v
1a7o
1a7p
1a7q
1a8j
1aj7
1ap2
1aqk
1axs
1axt
1ay1
1b0w
1b6d
1bfo
1bfv
1bj1
1bjm
1bm3
1bww
1bz7
1c12
1c1e
1c5c
1c5d
1cbv
1cd0
1ce1
1cf8
1cfv
1cic
1ck0
1clo
1cly
1cr9
1ct8
1cz8
1d5i
1d6v
1dbj
1dbm
1dcl
1dee
1dfb
1dl7
1dlf
1dn0
1dqd
1dql
1dsf
1dvf
1dzb
1e4x
1e6o
1eap
1eeq
1eeu
1efq
1ehl
1ejo
1ek3
1emt
1etz
1f2x
1f3d
1f4x
1f58
1f8t
1fai
1fe8
1fgn
1fgv
1fj1
1fl5
1flr
1fns
1for
1fvc
1fvd
1g7h
1g7i
1g7j
1g7l
1g7m
1g9m
1gaf
1ghf
1gig
1gpo
1h0d
1h3p
1h8n
1hcv
1hez
1hi6
1hil
1hkl
1hq4
1i3g
1i3u
1i7z
1i8k
1i9j
1ibg
1ic4
1ic5
1ic7
1igc
1igj
1igm
1ikf
1il1
1ind
1iqd
1iqw
1ivl
1j05
1j1o
1j1p
1j1x
1jfq
1jgl
1jgu
1jhk
1jhl
1jn6
1jps
1jpt
1jtp
1jv5
1jvk
1k6q
1kb5
1kc5
1kcs
1kcu
1kcv
1keg
1kel
1kip
1kiq
1kir
1ktr
1kxq
1kxt
1kxv
1l7i
1l7t
1lil
1lk3
1lmk
1lo2
1lo4
1mam
1mcp
1mex
1mfa
1mfe
1mh5
1mie
1mim
1mj7
1mj8
1mju
1mlb
1mnu
1moe
1mqk
1mre
1mvf
1mvu
1n0x
1n4x
1nak
1nbv
1nby
1nc2
1ncc
1ncw
1ndg
1ndm
1ngy
1ngz
1nj9
1nl0
1nlb
1nmb
1nqb
1oaq
1ohq
1ol0
1op3
1op9
1ors
1osp
1ots
1p2c
1p4b
1p7k
1pew
1pg7
1pw3
1pz5
1q0x
1q1j
1q72
1q9o
1q9r
1q9w
1qac
1qd0
1qkz
1qok
1rhh
1ri8
1rih
1rjc
1rjl
1ruq
1rur
1rz7
1rzf
1rzg
1s3k
1sbs
1seq
1shm
1sjv
1sjx
1sm3
1svz
1sy6
1t2j
1t2q
1t3f
1t4k
1t66
1tjg
1tpx
1tzh
1u0q
1uac
1ucb
1uj3
1um5
1uwe
1uwg
1uwx
1uyw
1uz8
1v7m
1vge
1vpo
1w72
1wej
1wt5
1wtl
1x9q
1xfp
1xgp
1xgq
1xgr
1xgt
1xgu
1xgy
1xiw
1y0l
1yc7
1yec
1yee
1yei
1yej
1yjd
1ynk
1ynl
1yqv
1yy8
1zan
1zea
1ztx
1zv5
1zvh
1zvy
2a6i
2a77
2a9m
2aab
2adf
2adg
2aep
2ai0
2aj3
2ajv
2b1h
2b2x
2bdn
2bmk
2brr
2bse
2bx5
2c1p
2cd0
2cju
2ck0
2cmr
2d03
2d7t
2dd8
2ddq
2dqc
2dqd
2dqe
2dqf
2dqg
2dqh
2dqi
2dqu
2e27
2eh7
2eh8
2eiz
2f5a
2f5b
2fat
2fb4
2fbj
2fd6
2fjf
2fx7
2g2r
2g5b
2g60
2g75
2gcy
2ghw
2gjj
2gk0
2h1p
2h32
2h9g
2hff
2hfg
2hrp
2hwz
2ih3
2imm
2imn
2ipt
2ipu
2iq9
2iqa
2j4w
2j88
2jel
2nxy
2nxz
2ny2
2nyy
2o5x
2ok0
2omn
2osl
2otu
2oz4
2p45
2p4a
2pcp
2pr4
2q1e
2q20
2q76
2q8b
2qhr
2qqk
2qqn
2r0l
2r8s
2rcs
2rhe
2uyl
2uzi
2v17
2v7n
2vdr
2vl5
2z4q
2z92
35c8
3b2u
3b5g
3b9v
3bae
3bd3
3bdy
3bj9
3bkj
3bky
3bn9
3bz4
3c08
3c2a
3c6s
3cfb
3cfd
3clf
3cmo
3cx5
3d9a
3dgg
3dif
3dvg
3mcg
43c9
4fab
4lve
5lve
6fab
7fab
8fab
