12e8
15c8
1a0q
1a14
1a2y
1a3l
1a3r
1a4j
1a4k
1a5f
1a6t
1a6u
1a6v
1a6w
1a7n
1a7o
1a7p
1a7q
1a7r
1acy
1ad0
1ad9
1adq
1ae6
1ahw
1ai1
1aif
1aj7
1ap2
1aqk
1ar1
1axs
1axt
1ay1
1b2w
1b4j
1baf
1bbd
1bbj
1bey
1bfo
1bfv
1bgx
1bj1
1bln
1bm3
1bog
1bql
1bvk
1bvl
1bz7
1c08
1c12
1c1e
1c5b
1c5c
1c5d
1cbv
1ce1
1cf8
1cfn
1cfq
1cfs
1cft
1cfv
1cgs
1cic_1
1cic_2
1ck0
1cl7
1clo
1cly
1clz
1cr9
1ct8
1cu4
1cz8
1d5b
1d5i
1d6v
1dba
1dbb
1dbj
1dbk
1dbm
1dee
1dfb
1dl7
1dlf
1dn0
1dqd
1dqj
1dql
1dqm
1dqq
1dsf
1dvf_1
1dvf_2
1e4w
1e4x
1e6j
1e6o
1eap
1ehl
1ejo
1emt
1eo8
1etz
1ezv
1f11
1f3d
1f4w
1f4x
1f4y
1f58
1f8t
1f90
1fai
1fbi
1fdl
1fe8
1fgn
1fgv
1fh5
1fig
1fj1
1fl3
1flr
1fn4
1fns
1for
1fpt
1frg
1fsk
1fvc
1fvd
1fve
1g9m
1g9n
1gaf
1gc1
1ggb
1ggc
1ggi
1gig
1gpo
1h0d
1h3p
1hh6
1hh9
1hi6
1hil
1him
1hin
1hkl
1hq4
1hys
1i3g
1i8i
1i8k
1i8m
1i9i
1i9j
1i9r
1iai_1
1iai_2
1ibg
1ic4
1ic5
1ic7
1ifh
1igc
1igf
1igi
1igj
1igm
1ikf
1il1
1ind
1ine
1iqd
1iqw
1it9
1j05
1j1o
1j1p
1j1x
1j5o
1jfq
1jgl
1jhk
1jhl
1jn6
1jnh
1jnl
1jnn
1jps
1jpt
1jrh
1k4c
1k4d
1k6q
1kb5
1kcv
1keg
1kel
1kem
1ken
1kfa
1kip
1kiq
1kir
1kno
1ktr
1l7i
1l7t
1lk3
1lo0
1lo2
1lo3
1lo4
1m71
1m7d
1m7i
1mam
1mcp
1mf2
1mfa
1mfb
1mfc
1mfd
1mfe
1mh5
1mhh
1mhp
1mie
1mim
1mj7
1mj8
1mjj
1mju
1mlb
1mlc
1mnu
1mpa
1mqk
1mrc
1mrd
1mre
1mrf
1mvu
1n4x
1n5y
1n64
1n6q
1n8z
1nbv
1nc2
1nc4
1nca
1ncb
1ncc
1ncd
1ncw
1nd0
1ndg
1ndm
1nfd
1ngp
1ngq
1ngw
1ngx
1ngy
1ngz
1nld
1nma
1nmb
1nsn
1oak
1oaq
1oar
1oau
1oax
1oay
1oaz
1ob1
1ocw
1om3
1op3
1op5
1opg
1orq
1ors
1osp
1ots
1ott
1otu
1p4b
1p4i
1p7k
1pg7_1
1pg7_2
1plg
1psk
1pz5
1q0x
1q0y
1q1j
1q72
1q9k
1q9l
1q9o
1q9q
1q9r
1q9t
1q9v
1q9w
1qbl
1qbm
1qfu
1qfw_1
1qfw_2
1qkz
1qle
1qlr
1qyg
1r0a
1r24
1r3i
1r3j
1r3k
1r3l
1rfd
1rhh
1rih
1riu
1riv
1rjl
1rmf
1ru9
1rua
1ruk
1rul
1rum
1rup
1ruq
1rur
1rz7
1rz8
1rzf
1rzg
1rzi
1rzj
1rzk
1s3k
1s5h
1s5i
1s78
1sbs
1seq
1sm3
1sy6
1t03
1t04
1t2q
1t3f
1t4k
1t66
1tet
1tjg
1tpx
1tqb
1tqc
1tzg
1tzh
1tzi
1u6a
1u8h
1u8i
1u8j
1u8k
1u8l
1u8m
1u8n
1u8o
1u8p
1u8q
1u91
1u92
1u93
1u95
1ua6
1uac
1ucb
1uj3
1uwe
1uwg
1uwx
1uyw
1uz6
1uz8
1v7m
1v7n
1vfa
1vfb
1vge
1w72
1wc7
1wcb
1wej
1wt5
1xcq
1xct
1xf2
1xf3
1xf4
1xf5
1xgy
1xiw
1y0l
1y18
1yec
1yed
1yee
1yef
1yeg
1yeh
1yjd
1ymh
1ynk
1ynl
1ynt
1yqv
1yuh
1yy8
1yy9
1yyl
1yym
1z3g
1za3
1zan
1zea
1zls
1zlu
1zlv
1zlw
1ztx
25c8
2a1w
2a6d
2aab
2adf
2adg
2adi
2adj
2aep
2aeq
2agj
2aj3
2ajs
2aju
2ajv
2ajx
2ajy
2ajz
2ak1
2ap2
2arj
2atk
2b0s
2b1a
2b1h
2b2x
2bdn
2bfv
2bmk
2bob
2boc
2brr
2c1o
2c1p
2cgr
2cju
2ck0
2cmr
2d03
2d7t
2dbl
2dd8
2ddq
2dlf
2dqc
2dqd
2dqe
2dqf
2dqg
2dqh
2dqi
2dqj
2dqt
2dqu
2dtm
2dwd
2dwe
2eh7
2eh8
2eiz
2eks
2exw
2exy
2f19
2f58
2f5a
2f5b
2fat
2fb4
2fbj
2fd6
2fed
2fee
2fgw
2fjf
2fjg
2fjh
2fr4
2fx7
2fx8
2fx9
2g5b
2g60
2g75
2gcy
2gfb
2gjz
2gk0
2gsg
2gsi
2h1p
2h2p
2h2s
2h8p
2h9g
2hfe
2hfg
2hg5
2hjf
2hkf
2hkh
2hlf
2hmi
2hrp
2ht2
2ht3
2ht4
2htk
2htl
2hvj
2hvk
2hwz
2i5y
2i60
2i9l
2iff
2ig2
2igf
2ih1
2ih3
2ipt
2ipu
2iq9
2iqa
2itc
2itd
2j4w
2j5l
2j88
2jb5
2jb6
2jel
2jix
2mcp
2mpa
2nlj
2nr6
2ntf
2nxy
2nxz
2ny0
2ny1
2ny2
2ny3
2ny4
2ny5
2ny6
2ny7
2nyy
2o5x
2o5y
2o5z
2op4
2or9
2orb
2osl
2oz4
2pcp
2pw1
2pw2
2q76
2qhr
2qqk
2qql
2qqn
2qr0
2r0l
2r0w
2r0z
2r1w
2r1x
2r1y
2r23
2r29
2r2b
2r2e
2r2h
2r56
2r8s
2r9h
2rcs
2uud
2uyl
2v17
2v7h
2v7n
2vir
2vis
2vit
2vwe
2vxq
2vxs
2vxt
2vxu
2vxv
2w60
2w65
2w9d
2w9e
2yss
2z4q
2z91
2z92
2zch
2zck
2zcl
2zkh
2zpk
2zuq
32c2
35c8
3b2u
3b2v
3b9k
3bae
3bdy
3be1
3bgf
3bkc
3bkj
3bkm
3bky
3bn9
3bpc
3bqu_1
3bqu_2
3bsz
3bt2
3bz4
3c08
3c09
3c2a
3c5s
3c6s
3cfb
3cfc
3cfd
3cfe
3cfj
3cfk
3ck0
3cle
3clf
3cmo
3cxd
3d0v
3d85
3d9a
3det
3dsf
3dur
3dus
3duu
3dv4
3dv6
3dvg
3dvn
3e8u
3ejy
3ejz
3eo0
3eo1
3eo9
3eoa
3eot
3eyf
3eyo
3eyq
3eys
3eyu
3f58
3fct
3ffd
3fmg
3fn0
3fzu
3g04
3g6a
3g6d
3g6j
3gbm
3gbn
3ggw
3gi8
3gi9
3giz
3gje
3gk8
3grw
3h0t
3h42
3hae
3hb3
3hc0
3hc3
3hc4
3hfm
3hi5
3hi6
3hns
3hnt
3hnv
3i2c
3i9g
3ijh
3ijs
3ijy
3ikc
43c9
43ca
4fab
6fab
8fab
