/home/bsm2/abhi/CANONICALS/NEW_DATASET/OUR_MISSING_PDB_NUMBERING/1a8j.out

In function "write_chain".
Mismatch in number of residues in PDB file and numbered sequence in Chain A.
Length of sequence: 108.
Number of residues in PDB File: 107


In function "write_chain".
Mismatch in number of residues in PDB file and numbered sequence in Chain B.
Length of sequence: 108.
Number of residues in PDB File: 107


In function "write_chain".
Mismatch in number of residues in PDB file and numbered sequence in Chain C.
Length of sequence: 108.
Number of residues in PDB File: 107

/home/bsm2/abhi/CANONICALS/NEW_DATASET/OUR_MISSING_PDB_NUMBERING/1b0w.out
/home/bsm2/abhi/CANONICALS/NEW_DATASET/OUR_MISSING_PDB_NUMBERING/1b6d.out
/home/bsm2/abhi/CANONICALS/NEW_DATASET/OUR_MISSING_PDB_NUMBERING/1bjm.out

In function "write_chain".
Mismatch in number of residues in PDB file and numbered sequence in Chain A.
Length of sequence: 107.
Number of residues in PDB File: 106


In function "write_chain".
Mismatch in number of residues in PDB file and numbered sequence in Chain B.
Length of sequence: 107.
Number of residues in PDB File: 106

/home/bsm2/abhi/CANONICALS/NEW_DATASET/OUR_MISSING_PDB_NUMBERING/1bww.out

In function "write_chain".
Mismatch in number of residues in PDB file and numbered sequence in Chain A.
Length of sequence: 111.
Number of residues in PDB File: 110


In function "write_chain".
Mismatch in number of residues in PDB file and numbered sequence in Chain B.
Length of sequence: 111.
Number of residues in PDB File: 109

/home/bsm2/abhi/CANONICALS/NEW_DATASET/OUR_MISSING_PDB_NUMBERING/1cd0.out
/home/bsm2/abhi/CANONICALS/NEW_DATASET/OUR_MISSING_PDB_NUMBERING/1cic.out
/home/bsm2/abhi/CANONICALS/NEW_DATASET/OUR_MISSING_PDB_NUMBERING/1dcl.out

In function "write_chain".
Mismatch in number of residues in PDB file and numbered sequence in Chain A.
Length of sequence: 108.
Number of residues in PDB File: 106


In function "write_chain".
Mismatch in number of residues in PDB file and numbered sequence in Chain B.
Length of sequence: 116.
Number of residues in PDB File: 115


In function "write_chain".
Mismatch in number of residues in PDB file and numbered sequence in Chain C.
Length of sequence: 107.
Number of residues in PDB File: 106

/home/bsm2/abhi/CANONICALS/NEW_DATASET/OUR_MISSING_PDB_NUMBERING/1dvf.out
/home/bsm2/abhi/CANONICALS/NEW_DATASET/OUR_MISSING_PDB_NUMBERING/1dzb.out

In function "write_chain".
Mismatch in number of residues in PDB file and numbered sequence in Chain A.
Length of sequence: 114.
Number of residues in PDB File: 112


In function "write_chain".
Mismatch in number of residues in PDB file and numbered sequence in Chain B.
Length of sequence: 114.
Number of residues in PDB File: 112

/home/bsm2/abhi/CANONICALS/NEW_DATASET/OUR_MISSING_PDB_NUMBERING/1eeq.out

In function "write_chain".
Mismatch in number of residues in PDB file and numbered sequence in Chain A.
Length of sequence: 114.
Number of residues in PDB File: 111


In function "write_chain".
Mismatch in number of residues in PDB file and numbered sequence in Chain B.
Length of sequence: 114.
Number of residues in PDB File: 112

/home/bsm2/abhi/CANONICALS/NEW_DATASET/OUR_MISSING_PDB_NUMBERING/1eeu.out
/home/bsm2/abhi/CANONICALS/NEW_DATASET/OUR_MISSING_PDB_NUMBERING/1efq.out

In function "write_chain".
Mismatch in number of residues in PDB file and numbered sequence in Chain A.
Length of sequence: 114.
Number of residues in PDB File: 113


In function "write_chain".
Mismatch in number of residues in PDB file and numbered sequence in Chain B.
Length of sequence: 114.
Number of residues in PDB File: 113

/home/bsm2/abhi/CANONICALS/NEW_DATASET/OUR_MISSING_PDB_NUMBERING/1ek3.out

In function "write_chain".
Mismatch in number of residues in PDB file and numbered sequence in Chain K.
Length of sequence: 126.
Number of residues in PDB File: 125


In function "write_chain".
Mismatch in number of residues in PDB file and numbered sequence in Chain L.
Length of sequence: 126.
Number of residues in PDB File: 125

/home/bsm2/abhi/CANONICALS/NEW_DATASET/OUR_MISSING_PDB_NUMBERING/1f2x.out
/home/bsm2/abhi/CANONICALS/NEW_DATASET/OUR_MISSING_PDB_NUMBERING/1fl5.out

In function "write_chain".
Mismatch in number of residues in PDB file and numbered sequence in Chain A.
Length of sequence: 107.
Number of residues in PDB File: 106


In function "write_chain".
Mismatch in number of residues in PDB file and numbered sequence in Chain B.
Length of sequence: 116.
Number of residues in PDB File: 115

/home/bsm2/abhi/CANONICALS/NEW_DATASET/OUR_MISSING_PDB_NUMBERING/1g7h.out

In function "write_chain".
Mismatch in number of residues in PDB file and numbered sequence in Chain A.
Length of sequence: 107.
Number of residues in PDB File: 106


In function "write_chain".
Mismatch in number of residues in PDB file and numbered sequence in Chain B.
Length of sequence: 116.
Number of residues in PDB File: 115

/home/bsm2/abhi/CANONICALS/NEW_DATASET/OUR_MISSING_PDB_NUMBERING/1g7i.out

In function "write_chain".
Mismatch in number of residues in PDB file and numbered sequence in Chain A.
Length of sequence: 107.
Number of residues in PDB File: 106


In function "write_chain".
Mismatch in number of residues in PDB file and numbered sequence in Chain B.
Length of sequence: 116.
Number of residues in PDB File: 115

/home/bsm2/abhi/CANONICALS/NEW_DATASET/OUR_MISSING_PDB_NUMBERING/1g7j.out

In function "write_chain".
Mismatch in number of residues in PDB file and numbered sequence in Chain A.
Length of sequence: 107.
Number of residues in PDB File: 106


In function "write_chain".
Mismatch in number of residues in PDB file and numbered sequence in Chain B.
Length of sequence: 116.
Number of residues in PDB File: 113

/home/bsm2/abhi/CANONICALS/NEW_DATASET/OUR_MISSING_PDB_NUMBERING/1g7l.out

In function "write_chain".
Mismatch in number of residues in PDB file and numbered sequence in Chain A.
Length of sequence: 107.
Number of residues in PDB File: 106


In function "write_chain".
Mismatch in number of residues in PDB file and numbered sequence in Chain B.
Length of sequence: 116.
Number of residues in PDB File: 115

/home/bsm2/abhi/CANONICALS/NEW_DATASET/OUR_MISSING_PDB_NUMBERING/1g7m.out
/home/bsm2/abhi/CANONICALS/NEW_DATASET/OUR_MISSING_PDB_NUMBERING/1ghf.out
/home/bsm2/abhi/CANONICALS/NEW_DATASET/OUR_MISSING_PDB_NUMBERING/1h8n.out
/home/bsm2/abhi/CANONICALS/NEW_DATASET/OUR_MISSING_PDB_NUMBERING/1hcv.out
/home/bsm2/abhi/CANONICALS/NEW_DATASET/OUR_MISSING_PDB_NUMBERING/1hez.out
Segmentation fault (core dumped)
/home/bsm2/abhi/CANONICALS/NEW_DATASET/OUR_MISSING_PDB_NUMBERING/1i3u.out
/home/bsm2/abhi/CANONICALS/NEW_DATASET/OUR_MISSING_PDB_NUMBERING/1i7z.out

In function "write_chain".
Mismatch in number of residues in PDB file and numbered sequence in Chain A.
Length of sequence: 107.
Number of residues in PDB File: 106


In function "write_chain".
Mismatch in number of residues in PDB file and numbered sequence in Chain B.
Length of sequence: 107.
Number of residues in PDB File: 106

/home/bsm2/abhi/CANONICALS/NEW_DATASET/OUR_MISSING_PDB_NUMBERING/1ivl.out
/home/bsm2/abhi/CANONICALS/NEW_DATASET/OUR_MISSING_PDB_NUMBERING/1jgu.out
Segmentation fault (core dumped)
/home/bsm2/abhi/CANONICALS/NEW_DATASET/OUR_MISSING_PDB_NUMBERING/1jtp.out

In function "write_chain".
Mismatch in number of residues in PDB file and numbered sequence in Chain A.
Length of sequence: 107.
Number of residues in PDB File: 106


In function "write_chain".
Mismatch in number of residues in PDB file and numbered sequence in Chain B.
Length of sequence: 117.
Number of residues in PDB File: 116

/home/bsm2/abhi/CANONICALS/NEW_DATASET/OUR_MISSING_PDB_NUMBERING/1jv5.out
/home/bsm2/abhi/CANONICALS/NEW_DATASET/OUR_MISSING_PDB_NUMBERING/1jvk.out
/home/bsm2/abhi/CANONICALS/NEW_DATASET/OUR_MISSING_PDB_NUMBERING/1kc5.out
/home/bsm2/abhi/CANONICALS/NEW_DATASET/OUR_MISSING_PDB_NUMBERING/1kcs.out
/home/bsm2/abhi/CANONICALS/NEW_DATASET/OUR_MISSING_PDB_NUMBERING/1kcu.out

In function "write_chain".
Mismatch in number of residues in PDB file and numbered sequence in Chain E.
Length of sequence: 120.
Number of residues in PDB File: 119


In function "write_chain".
Mismatch in number of residues in PDB file and numbered sequence in Chain F.
Length of sequence: 120.
Number of residues in PDB File: 119


In function "write_chain".
Mismatch in number of residues in PDB file and numbered sequence in Chain G.
Length of sequence: 120.
Number of residues in PDB File: 119


In function "write_chain".
Mismatch in number of residues in PDB file and numbered sequence in Chain H.
Length of sequence: 120.
Number of residues in PDB File: 119

/home/bsm2/abhi/CANONICALS/NEW_DATASET/OUR_MISSING_PDB_NUMBERING/1kxq.out

In function "write_chain".
Mismatch in number of residues in PDB file and numbered sequence in Chain B.
Length of sequence: 127.
Number of residues in PDB File: 124


In function "write_chain".
Mismatch in number of residues in PDB file and numbered sequence in Chain D.
Length of sequence: 127.
Number of residues in PDB File: 124


In function "write_chain".
Mismatch in number of residues in PDB file and numbered sequence in Chain F.
Length of sequence: 127.
Number of residues in PDB File: 124

/home/bsm2/abhi/CANONICALS/NEW_DATASET/OUR_MISSING_PDB_NUMBERING/1kxt.out

In function "write_chain".
Mismatch in number of residues in PDB file and numbered sequence in Chain C.
Length of sequence: 121.
Number of residues in PDB File: 118


In function "write_chain".
Mismatch in number of residues in PDB file and numbered sequence in Chain D.
Length of sequence: 121.
Number of residues in PDB File: 120

/home/bsm2/abhi/CANONICALS/NEW_DATASET/OUR_MISSING_PDB_NUMBERING/1kxv.out
/home/bsm2/abhi/CANONICALS/NEW_DATASET/OUR_MISSING_PDB_NUMBERING/1lil.out
/home/bsm2/abhi/CANONICALS/NEW_DATASET/OUR_MISSING_PDB_NUMBERING/1lmk.out
/home/bsm2/abhi/CANONICALS/NEW_DATASET/OUR_MISSING_PDB_NUMBERING/1mex.out
/home/bsm2/abhi/CANONICALS/NEW_DATASET/OUR_MISSING_PDB_NUMBERING/1moe.out

In function "write_chain".
Mismatch in number of residues in PDB file and numbered sequence in Chain B.
Length of sequence: 126.
Number of residues in PDB File: 124

/home/bsm2/abhi/CANONICALS/NEW_DATASET/OUR_MISSING_PDB_NUMBERING/1mvf.out
/home/bsm2/abhi/CANONICALS/NEW_DATASET/OUR_MISSING_PDB_NUMBERING/1n0x.out
/home/bsm2/abhi/CANONICALS/NEW_DATASET/OUR_MISSING_PDB_NUMBERING/1nak.out
/home/bsm2/abhi/CANONICALS/NEW_DATASET/OUR_MISSING_PDB_NUMBERING/1nby.out
/home/bsm2/abhi/CANONICALS/NEW_DATASET/OUR_MISSING_PDB_NUMBERING/1nj9.out
/home/bsm2/abhi/CANONICALS/NEW_DATASET/OUR_MISSING_PDB_NUMBERING/1nl0.out
/home/bsm2/abhi/CANONICALS/NEW_DATASET/OUR_MISSING_PDB_NUMBERING/1nlb.out
/home/bsm2/abhi/CANONICALS/NEW_DATASET/OUR_MISSING_PDB_NUMBERING/1nqb.out

In function "write_chain".
Mismatch in number of residues in PDB file and numbered sequence in Chain A.
Length of sequence: 120.
Number of residues in PDB File: 119


In function "write_chain".
Mismatch in number of residues in PDB file and numbered sequence in Chain B.
Length of sequence: 120.
Number of residues in PDB File: 118

/home/bsm2/abhi/CANONICALS/NEW_DATASET/OUR_MISSING_PDB_NUMBERING/1ohq.out
/home/bsm2/abhi/CANONICALS/NEW_DATASET/OUR_MISSING_PDB_NUMBERING/1ol0.out

In function "write_chain".
Mismatch in number of residues in PDB file and numbered sequence in Chain A.
Length of sequence: 121.
Number of residues in PDB File: 120

/home/bsm2/abhi/CANONICALS/NEW_DATASET/OUR_MISSING_PDB_NUMBERING/1op9.out
/home/bsm2/abhi/CANONICALS/NEW_DATASET/OUR_MISSING_PDB_NUMBERING/1p2c.out
Segmentation fault (core dumped)
/home/bsm2/abhi/CANONICALS/NEW_DATASET/OUR_MISSING_PDB_NUMBERING/1pew.out
/home/bsm2/abhi/CANONICALS/NEW_DATASET/OUR_MISSING_PDB_NUMBERING/1pg7.out

In function "write_chain".
Mismatch in number of residues in PDB file and numbered sequence in Chain A.
Length of sequence: 111.
Number of residues in PDB File: 110

/home/bsm2/abhi/CANONICALS/NEW_DATASET/OUR_MISSING_PDB_NUMBERING/1pw3.out

In function "write_chain".
Mismatch in number of residues in PDB file and numbered sequence in Chain A.
Length of sequence: 114.
Number of residues in PDB File: 113


In function "write_chain".
Mismatch in number of residues in PDB file and numbered sequence in Chain B.
Length of sequence: 114.
Number of residues in PDB File: 113

/home/bsm2/abhi/CANONICALS/NEW_DATASET/OUR_MISSING_PDB_NUMBERING/1qac.out
/home/bsm2/abhi/CANONICALS/NEW_DATASET/OUR_MISSING_PDB_NUMBERING/1qd0.out
/home/bsm2/abhi/CANONICALS/NEW_DATASET/OUR_MISSING_PDB_NUMBERING/1qok.out

In function "write_chain".
Mismatch in number of residues in PDB file and numbered sequence in Chain A.
Length of sequence: 125.
Number of residues in PDB File: 123

/home/bsm2/abhi/CANONICALS/NEW_DATASET/OUR_MISSING_PDB_NUMBERING/1ri8.out
Segmentation fault (core dumped)
/home/bsm2/abhi/CANONICALS/NEW_DATASET/OUR_MISSING_PDB_NUMBERING/1rjc.out

In function "write_chain".
Mismatch in number of residues in PDB file and numbered sequence in Chain A.
Length of sequence: 127.
Number of residues in PDB File: 125


In function "write_chain".
Mismatch in number of residues in PDB file and numbered sequence in Chain B.
Length of sequence: 127.
Number of residues in PDB File: 125


In function "write_chain".
Mismatch in number of residues in PDB file and numbered sequence in Chain D.
Length of sequence: 127.
Number of residues in PDB File: 125


In function "write_chain".
Mismatch in number of residues in PDB file and numbered sequence in Chain E.
Length of sequence: 127.
Number of residues in PDB File: 125

/home/bsm2/abhi/CANONICALS/NEW_DATASET/OUR_MISSING_PDB_NUMBERING/1shm.out
/home/bsm2/abhi/CANONICALS/NEW_DATASET/OUR_MISSING_PDB_NUMBERING/1sjv.out
/home/bsm2/abhi/CANONICALS/NEW_DATASET/OUR_MISSING_PDB_NUMBERING/1sjx.out
/home/bsm2/abhi/CANONICALS/NEW_DATASET/OUR_MISSING_PDB_NUMBERING/1svz.out
/home/bsm2/abhi/CANONICALS/NEW_DATASET/OUR_MISSING_PDB_NUMBERING/1t2j.out

In function "write_chain".
Mismatch in number of residues in PDB file and numbered sequence in Chain A.
Length of sequence: 125.
Number of residues in PDB File: 123


In function "write_chain".
Mismatch in number of residues in PDB file and numbered sequence in Chain B.
Length of sequence: 125.
Number of residues in PDB File: 123

/home/bsm2/abhi/CANONICALS/NEW_DATASET/OUR_MISSING_PDB_NUMBERING/1u0q.out
/home/bsm2/abhi/CANONICALS/NEW_DATASET/OUR_MISSING_PDB_NUMBERING/1um5.out
/home/bsm2/abhi/CANONICALS/NEW_DATASET/OUR_MISSING_PDB_NUMBERING/1vpo.out

In function "write_chain".
Mismatch in number of residues in PDB file and numbered sequence in Chain A.
Length of sequence: 108.
Number of residues in PDB File: 107


In function "write_chain".
Mismatch in number of residues in PDB file and numbered sequence in Chain B.
Length of sequence: 108.
Number of residues in PDB File: 107

/home/bsm2/abhi/CANONICALS/NEW_DATASET/OUR_MISSING_PDB_NUMBERING/1wtl.out
/home/bsm2/abhi/CANONICALS/NEW_DATASET/OUR_MISSING_PDB_NUMBERING/1x9q.out
Segmentation fault (core dumped)
/home/bsm2/abhi/CANONICALS/NEW_DATASET/OUR_MISSING_PDB_NUMBERING/1xfp.out
/home/bsm2/abhi/CANONICALS/NEW_DATASET/OUR_MISSING_PDB_NUMBERING/1xgp.out
/home/bsm2/abhi/CANONICALS/NEW_DATASET/OUR_MISSING_PDB_NUMBERING/1xgq.out
/home/bsm2/abhi/CANONICALS/NEW_DATASET/OUR_MISSING_PDB_NUMBERING/1xgr.out
/home/bsm2/abhi/CANONICALS/NEW_DATASET/OUR_MISSING_PDB_NUMBERING/1xgt.out
/home/bsm2/abhi/CANONICALS/NEW_DATASET/OUR_MISSING_PDB_NUMBERING/1xgu.out

In function "write_chain".
Mismatch in number of residues in PDB file and numbered sequence in Chain A.
Length of sequence: 118.
Number of residues in PDB File: 115


In function "write_chain".
Mismatch in number of residues in PDB file and numbered sequence in Chain B.
Length of sequence: 118.
Number of residues in PDB File: 116

/home/bsm2/abhi/CANONICALS/NEW_DATASET/OUR_MISSING_PDB_NUMBERING/1yc7.out
/home/bsm2/abhi/CANONICALS/NEW_DATASET/OUR_MISSING_PDB_NUMBERING/1yei.out
/home/bsm2/abhi/CANONICALS/NEW_DATASET/OUR_MISSING_PDB_NUMBERING/1yej.out
/home/bsm2/abhi/CANONICALS/NEW_DATASET/OUR_MISSING_PDB_NUMBERING/1zv5.out
Segmentation fault (core dumped)
/home/bsm2/abhi/CANONICALS/NEW_DATASET/OUR_MISSING_PDB_NUMBERING/1zvh.out

In function "write_chain".
Mismatch in number of residues in PDB file and numbered sequence in Chain A.
Length of sequence: 127.
Number of residues in PDB File: 124

/home/bsm2/abhi/CANONICALS/NEW_DATASET/OUR_MISSING_PDB_NUMBERING/1zvy.out
/home/bsm2/abhi/CANONICALS/NEW_DATASET/OUR_MISSING_PDB_NUMBERING/2a6i.out
/home/bsm2/abhi/CANONICALS/NEW_DATASET/OUR_MISSING_PDB_NUMBERING/2a77.out

In function "write_chain".
Mismatch in number of residues in PDB file and numbered sequence in Chain L.
Length of sequence: 110.
Number of residues in PDB File: 106


In function "write_chain".
Mismatch in number of residues in PDB file and numbered sequence in Chain H.
Length of sequence: 126.
Number of residues in PDB File: 125


In function "write_chain".
Mismatch in number of residues in PDB file and numbered sequence in Chain M.
Length of sequence: 110.
Number of residues in PDB File: 108


In function "write_chain".
Mismatch in number of residues in PDB file and numbered sequence in Chain I.
Length of sequence: 126.
Number of residues in PDB File: 125

/home/bsm2/abhi/CANONICALS/NEW_DATASET/OUR_MISSING_PDB_NUMBERING/2a9m.out
/home/bsm2/abhi/CANONICALS/NEW_DATASET/OUR_MISSING_PDB_NUMBERING/2ai0.out

In function "write_chain".
Mismatch in number of residues in PDB file and numbered sequence in Chain D.
Length of sequence: 123.
Number of residues in PDB File: 121


In function "write_chain".
Mismatch in number of residues in PDB file and numbered sequence in Chain E.
Length of sequence: 123.
Number of residues in PDB File: 121


In function "write_chain".
Mismatch in number of residues in PDB file and numbered sequence in Chain F.
Length of sequence: 123.
Number of residues in PDB File: 121

/home/bsm2/abhi/CANONICALS/NEW_DATASET/OUR_MISSING_PDB_NUMBERING/2bse.out

In function "write_chain".
Mismatch in number of residues in PDB file and numbered sequence in Chain A.
Length of sequence: 107.
Number of residues in PDB File: 105


In function "write_chain".
Mismatch in number of residues in PDB file and numbered sequence in Chain B.
Length of sequence: 107.
Number of residues in PDB File: 105


In function "write_chain".
Mismatch in number of residues in PDB file and numbered sequence in Chain C.
Length of sequence: 107.
Number of residues in PDB File: 105


In function "write_chain".
Mismatch in number of residues in PDB file and numbered sequence in Chain D.
Length of sequence: 107.
Number of residues in PDB File: 105


In function "write_chain".
Mismatch in number of residues in PDB file and numbered sequence in Chain E.
Length of sequence: 107.
Number of residues in PDB File: 105


In function "write_chain".
Mismatch in number of residues in PDB file and numbered sequence in Chain F.
Length of sequence: 107.
Number of residues in PDB File: 105


In function "write_chain".
Mismatch in number of residues in PDB file and numbered sequence in Chain G.
Length of sequence: 107.
Number of residues in PDB File: 105


In function "write_chain".
Mismatch in number of residues in PDB file and numbered sequence in Chain H.
Length of sequence: 107.
Number of residues in PDB File: 104


In function "write_chain".
Mismatch in number of residues in PDB file and numbered sequence in Chain I.
Length of sequence: 107.
Number of residues in PDB File: 105


In function "write_chain".
Mismatch in number of residues in PDB file and numbered sequence in Chain J.
Length of sequence: 107.
Number of residues in PDB File: 105


In function "write_chain".
Mismatch in number of residues in PDB file and numbered sequence in Chain K.
Length of sequence: 107.
Number of residues in PDB File: 105


In function "write_chain".
Mismatch in number of residues in PDB file and numbered sequence in Chain L.
Length of sequence: 107.
Number of residues in PDB File: 105


In function "write_chain".
Mismatch in number of residues in PDB file and numbered sequence in Chain M.
Length of sequence: 107.
Number of residues in PDB File: 105


In function "write_chain".
Mismatch in number of residues in PDB file and numbered sequence in Chain N.
Length of sequence: 107.
Number of residues in PDB File: 105


In function "write_chain".
Mismatch in number of residues in PDB file and numbered sequence in Chain O.
Length of sequence: 107.
Number of residues in PDB File: 105

/home/bsm2/abhi/CANONICALS/NEW_DATASET/OUR_MISSING_PDB_NUMBERING/2bx5.out

In function "write_chain".
Mismatch in number of residues in PDB file and numbered sequence in Chain A.
Length of sequence: 111.
Number of residues in PDB File: 110


In function "write_chain".
Mismatch in number of residues in PDB file and numbered sequence in Chain B.
Length of sequence: 111.
Number of residues in PDB File: 110

/home/bsm2/abhi/CANONICALS/NEW_DATASET/OUR_MISSING_PDB_NUMBERING/2cd0.out

In function "write_chain".
Mismatch in number of residues in PDB file and numbered sequence in Chain L.
Length of sequence: 110.
Number of residues in PDB File: 106


In function "write_chain".
Mismatch in number of residues in PDB file and numbered sequence in Chain H.
Length of sequence: 116.
Number of residues in PDB File: 115

/home/bsm2/abhi/CANONICALS/NEW_DATASET/OUR_MISSING_PDB_NUMBERING/2e27.out
/home/bsm2/abhi/CANONICALS/NEW_DATASET/OUR_MISSING_PDB_NUMBERING/2g2r.out
/home/bsm2/abhi/CANONICALS/NEW_DATASET/OUR_MISSING_PDB_NUMBERING/2ghw.out
/home/bsm2/abhi/CANONICALS/NEW_DATASET/OUR_MISSING_PDB_NUMBERING/2gjj.out
/home/bsm2/abhi/CANONICALS/NEW_DATASET/OUR_MISSING_PDB_NUMBERING/2h32.out
/home/bsm2/abhi/CANONICALS/NEW_DATASET/OUR_MISSING_PDB_NUMBERING/2hff.out
/home/bsm2/abhi/CANONICALS/NEW_DATASET/OUR_MISSING_PDB_NUMBERING/2imm.out
/home/bsm2/abhi/CANONICALS/NEW_DATASET/OUR_MISSING_PDB_NUMBERING/2imn.out
/home/bsm2/abhi/CANONICALS/NEW_DATASET/OUR_MISSING_PDB_NUMBERING/2ok0.out
/home/bsm2/abhi/CANONICALS/NEW_DATASET/OUR_MISSING_PDB_NUMBERING/2omn.out

In function "write_chain".
Mismatch in number of residues in PDB file and numbered sequence in Chain A.
Length of sequence: 114.
Number of residues in PDB File: 113


In function "write_chain".
Mismatch in number of residues in PDB file and numbered sequence in Chain B.
Length of sequence: 118.
Number of residues in PDB File: 117


In function "write_chain".
Mismatch in number of residues in PDB file and numbered sequence in Chain C.
Length of sequence: 114.
Number of residues in PDB File: 113


In function "write_chain".
Mismatch in number of residues in PDB file and numbered sequence in Chain D.
Length of sequence: 118.
Number of residues in PDB File: 117


In function "write_chain".
Mismatch in number of residues in PDB file and numbered sequence in Chain E.
Length of sequence: 114.
Number of residues in PDB File: 113


In function "write_chain".
Mismatch in number of residues in PDB file and numbered sequence in Chain F.
Length of sequence: 118.
Number of residues in PDB File: 117


In function "write_chain".
Mismatch in number of residues in PDB file and numbered sequence in Chain G.
Length of sequence: 114.
Number of residues in PDB File: 113


In function "write_chain".
Mismatch in number of residues in PDB file and numbered sequence in Chain H.
Length of sequence: 118.
Number of residues in PDB File: 117

/home/bsm2/abhi/CANONICALS/NEW_DATASET/OUR_MISSING_PDB_NUMBERING/2otu.out
/home/bsm2/abhi/CANONICALS/NEW_DATASET/OUR_MISSING_PDB_NUMBERING/2p45.out

In function "write_chain".
Mismatch in number of residues in PDB file and numbered sequence in Chain B.
Length of sequence: 121.
Number of residues in PDB File: 120


In function "write_chain".
Mismatch in number of residues in PDB file and numbered sequence in Chain D.
Length of sequence: 121.
Number of residues in PDB File: 120

/home/bsm2/abhi/CANONICALS/NEW_DATASET/OUR_MISSING_PDB_NUMBERING/2p4a.out
/home/bsm2/abhi/CANONICALS/NEW_DATASET/OUR_MISSING_PDB_NUMBERING/2pr4.out

In function "write_chain".
Mismatch in number of residues in PDB file and numbered sequence in Chain A.
Length of sequence: 107.
Number of residues in PDB File: 106


In function "write_chain".
Mismatch in number of residues in PDB file and numbered sequence in Chain B.
Length of sequence: 107.
Number of residues in PDB File: 106


In function "write_chain".
Mismatch in number of residues in PDB file and numbered sequence in Chain C.
Length of sequence: 107.
Number of residues in PDB File: 106


In function "write_chain".
Mismatch in number of residues in PDB file and numbered sequence in Chain D.
Length of sequence: 107.
Number of residues in PDB File: 106

/home/bsm2/abhi/CANONICALS/NEW_DATASET/OUR_MISSING_PDB_NUMBERING/2q1e.out

In function "write_chain".
Mismatch in number of residues in PDB file and numbered sequence in Chain A.
Length of sequence: 107.
Number of residues in PDB File: 106


In function "write_chain".
Mismatch in number of residues in PDB file and numbered sequence in Chain B.
Length of sequence: 107.
Number of residues in PDB File: 106

/home/bsm2/abhi/CANONICALS/NEW_DATASET/OUR_MISSING_PDB_NUMBERING/2q20.out
/home/bsm2/abhi/CANONICALS/NEW_DATASET/OUR_MISSING_PDB_NUMBERING/2q8b.out
/home/bsm2/abhi/CANONICALS/NEW_DATASET/OUR_MISSING_PDB_NUMBERING/2rhe.out

In function "write_chain".
Mismatch in number of residues in PDB file and numbered sequence in Chain H.
Length of sequence: 114.
Number of residues in PDB File: 113


In function "write_chain".
Mismatch in number of residues in PDB file and numbered sequence in Chain L.
Length of sequence: 104.
Number of residues in PDB File: 103

/home/bsm2/abhi/CANONICALS/NEW_DATASET/OUR_MISSING_PDB_NUMBERING/2uzi.out
/home/bsm2/abhi/CANONICALS/NEW_DATASET/OUR_MISSING_PDB_NUMBERING/2vdr.out
/home/bsm2/abhi/CANONICALS/NEW_DATASET/OUR_MISSING_PDB_NUMBERING/2vl5.out

In function "write_chain".
Mismatch in number of residues in PDB file and numbered sequence in Chain A.
Length of sequence: 111.
Number of residues in PDB File: 110


In function "write_chain".
Mismatch in number of residues in PDB file and numbered sequence in Chain B.
Length of sequence: 111.
Number of residues in PDB File: 110

/home/bsm2/abhi/CANONICALS/NEW_DATASET/OUR_MISSING_PDB_NUMBERING/3b5g.out

In function "write_chain".
Mismatch in number of residues in PDB file and numbered sequence in Chain A.
Length of sequence: 120.
Number of residues in PDB File: 118


In function "write_chain".
Mismatch in number of residues in PDB file and numbered sequence in Chain B.
Length of sequence: 120.
Number of residues in PDB File: 118


In function "write_chain".
Mismatch in number of residues in PDB file and numbered sequence in Chain C.
Length of sequence: 120.
Number of residues in PDB File: 118


In function "write_chain".
Mismatch in number of residues in PDB file and numbered sequence in Chain D.
Length of sequence: 120.
Number of residues in PDB File: 118

/home/bsm2/abhi/CANONICALS/NEW_DATASET/OUR_MISSING_PDB_NUMBERING/3b9v.out

In function "write_chain".
Mismatch in number of residues in PDB file and numbered sequence in Chain A.
Length of sequence: 112.
Number of residues in PDB File: 111

/home/bsm2/abhi/CANONICALS/NEW_DATASET/OUR_MISSING_PDB_NUMBERING/3bd3.out
/home/bsm2/abhi/CANONICALS/NEW_DATASET/OUR_MISSING_PDB_NUMBERING/3bj9.out

In function "write_chain".
Mismatch in number of residues in PDB file and numbered sequence in Chain K.
Length of sequence: 107.
Number of residues in PDB File: 106


In function "write_chain".
Mismatch in number of residues in PDB file and numbered sequence in Chain V.
Length of sequence: 107.
Number of residues in PDB File: 106

/home/bsm2/abhi/CANONICALS/NEW_DATASET/OUR_MISSING_PDB_NUMBERING/3cx5.out
/home/bsm2/abhi/CANONICALS/NEW_DATASET/OUR_MISSING_PDB_NUMBERING/3dgg.out
/home/bsm2/abhi/CANONICALS/NEW_DATASET/OUR_MISSING_PDB_NUMBERING/3dif.out
/home/bsm2/abhi/CANONICALS/NEW_DATASET/OUR_MISSING_PDB_NUMBERING/3mcg.out

In function "write_chain".
Mismatch in number of residues in PDB file and numbered sequence in Chain A.
Length of sequence: 114.
Number of residues in PDB File: 113


In function "write_chain".
Mismatch in number of residues in PDB file and numbered sequence in Chain B.
Length of sequence: 114.
Number of residues in PDB File: 112

/home/bsm2/abhi/CANONICALS/NEW_DATASET/OUR_MISSING_PDB_NUMBERING/4lve.out
/home/bsm2/abhi/CANONICALS/NEW_DATASET/OUR_MISSING_PDB_NUMBERING/5lve.out
/home/bsm2/abhi/CANONICALS/NEW_DATASET/OUR_MISSING_PDB_NUMBERING/7fab.out
