1a8j
1b0w
1b6d
1bjm
1bww
1cd0
1cic
1dcl
1dvf
1dzb
1eeq
1eeu
1efq
1ek3
1f2x
1fl5
1g7h
1g7i
1g7j
1g7l
1g7m
1ghf
1h8n
1hcv
1hez
1i3u
1i7z
1ivl
1jgu
1jtp
1jv5
1jvk
1kc5
1kcs
1kcu
1kxq
1kxt
1kxv
1lil
1lmk
1mex
1moe
1mvf
1n0x
1nak
1nby
1nj9
1nl0
1nlb
1nqb
1ohq
1ol0
1op9
1p2c
1pew
1pg7
1pw3
1qac
1qd0
1qok
1ri8
1rjc
1shm
1sjv
1sjx
1svz
1t2j
1u0q
1um5
1vpo
1wtl
1x9q
1xfp
1xgp
1xgq
1xgr
1xgt
1xgu
1yc7
1yei
1yej
1zv5
1zvh
1zvy
2a6i
2a77
2a9m
2ai0
2bse
2bx5
2cd0
2e27
2g2r
2ghw
2gjj
2h32
2hff
2imm
2imn
2ok0
2omn
2otu
2p45
2p4a
2pr4
2q1e
2q20
2q8b
2rhe
2uzi
2vdr
2vl5
3b5g
3b9v
3bd3
3bj9
3cx5
3dgg
3dif
3mcg
4lve
5lve
7fab
