Comparing 10B and 10C of CDR-H2
Comparing 10B and 10D of CDR-H2
Comparing 10B and 10E of CDR-H2
Comparing 10B and 10F of CDR-H2
Comparing 10B and 10G of CDR-H2
Comparing 10B and 10H of CDR-H2
Comparing 10B and 10I of CDR-H2
Comparing 10B and 10J of CDR-H2
Comparing 10B and 10K of CDR-H2
Comparing 10B and 10L of CDR-H2
Comparing 10B and 10M of CDR-H2
Comparing 10B and 10N of CDR-H2
Comparing 10B and 10O of CDR-H2
Comparing 10B and 10P of CDR-H2
Comparing 10B and 10Q of CDR-H2
Comparing 10B and 10R of CDR-H2
Comparing 10B and 10S of CDR-H2
Comparing 10C and 10B of CDR-H2
Comparing 10C and 10D of CDR-H2
Comparing 10C and 10E of CDR-H2
Comparing 10C and 10F of CDR-H2
Comparing 10C and 10G of CDR-H2
Comparing 10C and 10H of CDR-H2
Comparing 10C and 10I of CDR-H2
Comparing 10C and 10J of CDR-H2
Comparing 10C and 10K of CDR-H2
Comparing 10C and 10L of CDR-H2
Comparing 10C and 10M of CDR-H2
Comparing 10C and 10N of CDR-H2
Comparing 10C and 10O of CDR-H2
Comparing 10C and 10P of CDR-H2
Comparing 10C and 10Q of CDR-H2
Comparing 10C and 10R of CDR-H2
Comparing 10C and 10S of CDR-H2
Comparing 10D and 10B of CDR-H2
Comparing 10D and 10C of CDR-H2
Comparing 10D and 10E of CDR-H2
Comparing 10D and 10F of CDR-H2
Comparing 10D and 10G of CDR-H2
Comparing 10D and 10H of CDR-H2
Comparing 10D and 10I of CDR-H2
Comparing 10D and 10J of CDR-H2
Comparing 10D and 10K of CDR-H2
Comparing 10D and 10L of CDR-H2
Comparing 10D and 10M of CDR-H2
Comparing 10D and 10N of CDR-H2
Comparing 10D and 10O of CDR-H2
Comparing 10D and 10P of CDR-H2
Comparing 10D and 10Q of CDR-H2
Comparing 10D and 10R of CDR-H2
Comparing 10D and 10S of CDR-H2
Comparing 10E and 10B of CDR-H2
Comparing 10E and 10C of CDR-H2
Comparing 10E and 10D of CDR-H2
Comparing 10E and 10F of CDR-H2
Comparing 10E and 10G of CDR-H2
Comparing 10E and 10H of CDR-H2
Comparing 10E and 10I of CDR-H2
Comparing 10E and 10J of CDR-H2
Comparing 10E and 10K of CDR-H2
Comparing 10E and 10L of CDR-H2
Comparing 10E and 10M of CDR-H2
Comparing 10E and 10N of CDR-H2
Comparing 10E and 10O of CDR-H2
Comparing 10E and 10P of CDR-H2
Comparing 10E and 10Q of CDR-H2
Comparing 10E and 10R of CDR-H2
Comparing 10E and 10S of CDR-H2
Comparing 10F and 10B of CDR-H2
Comparing 10F and 10C of CDR-H2
Comparing 10F and 10D of CDR-H2
Comparing 10F and 10E of CDR-H2
Comparing 10F and 10G of CDR-H2
Comparing 10F and 10H of CDR-H2
Comparing 10F and 10I of CDR-H2
Comparing 10F and 10J of CDR-H2
Comparing 10F and 10K of CDR-H2
Comparing 10F and 10L of CDR-H2
Comparing 10F and 10M of CDR-H2
Comparing 10F and 10N of CDR-H2
Comparing 10F and 10O of CDR-H2
Comparing 10F and 10P of CDR-H2
Comparing 10F and 10Q of CDR-H2
Comparing 10F and 10R of CDR-H2
Comparing 10F and 10S of CDR-H2
Comparing 10G and 10B of CDR-H2
Comparing 10G and 10C of CDR-H2
Comparing 10G and 10D of CDR-H2
Comparing 10G and 10E of CDR-H2
Comparing 10G and 10F of CDR-H2
Comparing 10G and 10H of CDR-H2
Comparing 10G and 10I of CDR-H2
Comparing 10G and 10J of CDR-H2
Comparing 10G and 10K of CDR-H2
Comparing 10G and 10L of CDR-H2
Comparing 10G and 10M of CDR-H2
Comparing 10G and 10N of CDR-H2
Comparing 10G and 10O of CDR-H2
Comparing 10G and 10P of CDR-H2
Comparing 10G and 10Q of CDR-H2
Comparing 10G and 10R of CDR-H2
Comparing 10G and 10S of CDR-H2
Comparing 10H and 10B of CDR-H2
Comparing 10H and 10C of CDR-H2
Comparing 10H and 10D of CDR-H2
Comparing 10H and 10E of CDR-H2
Comparing 10H and 10F of CDR-H2
Comparing 10H and 10G of CDR-H2
Comparing 10H and 10I of CDR-H2
Comparing 10H and 10J of CDR-H2
Comparing 10H and 10K of CDR-H2
Comparing 10H and 10L of CDR-H2
Comparing 10H and 10M of CDR-H2
Comparing 10H and 10N of CDR-H2
Comparing 10H and 10O of CDR-H2
Comparing 10H and 10P of CDR-H2
Comparing 10H and 10Q of CDR-H2
Comparing 10H and 10R of CDR-H2
Comparing 10H and 10S of CDR-H2
Comparing 10I and 10B of CDR-H2
Comparing 10I and 10C of CDR-H2
Comparing 10I and 10D of CDR-H2
Comparing 10I and 10E of CDR-H2
Comparing 10I and 10F of CDR-H2
Comparing 10I and 10G of CDR-H2
Comparing 10I and 10H of CDR-H2
Comparing 10I and 10J of CDR-H2
Comparing 10I and 10K of CDR-H2
Comparing 10I and 10L of CDR-H2
Comparing 10I and 10M of CDR-H2
Comparing 10I and 10N of CDR-H2
Comparing 10I and 10O of CDR-H2
Comparing 10I and 10P of CDR-H2
Comparing 10I and 10Q of CDR-H2
Comparing 10I and 10R of CDR-H2
Comparing 10I and 10S of CDR-H2
Comparing 10J and 10B of CDR-H2
Comparing 10J and 10C of CDR-H2
Comparing 10J and 10D of CDR-H2
Comparing 10J and 10E of CDR-H2
Comparing 10J and 10F of CDR-H2
Comparing 10J and 10G of CDR-H2
Comparing 10J and 10H of CDR-H2
Comparing 10J and 10I of CDR-H2
Comparing 10J and 10K of CDR-H2
Comparing 10J and 10L of CDR-H2
Comparing 10J and 10M of CDR-H2
Comparing 10J and 10N of CDR-H2
Comparing 10J and 10O of CDR-H2
Comparing 10J and 10P of CDR-H2
Comparing 10J and 10Q of CDR-H2
Comparing 10J and 10R of CDR-H2
Comparing 10J and 10S of CDR-H2
Comparing 10K and 10B of CDR-H2
Comparing 10K and 10C of CDR-H2
Comparing 10K and 10D of CDR-H2
Comparing 10K and 10E of CDR-H2
Comparing 10K and 10F of CDR-H2
Comparing 10K and 10G of CDR-H2
Comparing 10K and 10H of CDR-H2
Comparing 10K and 10I of CDR-H2
Comparing 10K and 10J of CDR-H2
Comparing 10K and 10L of CDR-H2
Comparing 10K and 10M of CDR-H2
Comparing 10K and 10N of CDR-H2
Comparing 10K and 10O of CDR-H2
Comparing 10K and 10P of CDR-H2
Comparing 10K and 10Q of CDR-H2
Comparing 10K and 10R of CDR-H2
Comparing 10K and 10S of CDR-H2
Comparing 10L and 10B of CDR-H2
Comparing 10L and 10C of CDR-H2
Comparing 10L and 10D of CDR-H2
Comparing 10L and 10E of CDR-H2
Comparing 10L and 10F of CDR-H2
Comparing 10L and 10G of CDR-H2
Comparing 10L and 10H of CDR-H2
Comparing 10L and 10I of CDR-H2
Comparing 10L and 10J of CDR-H2
Comparing 10L and 10K of CDR-H2
Comparing 10L and 10M of CDR-H2
Comparing 10L and 10N of CDR-H2
Comparing 10L and 10O of CDR-H2
Comparing 10L and 10P of CDR-H2
Comparing 10L and 10Q of CDR-H2
Comparing 10L and 10R of CDR-H2
Comparing 10L and 10S of CDR-H2
Comparing 10M and 10B of CDR-H2
Comparing 10M and 10C of CDR-H2
Comparing 10M and 10D of CDR-H2
Comparing 10M and 10E of CDR-H2
Comparing 10M and 10F of CDR-H2
Comparing 10M and 10G of CDR-H2
Comparing 10M and 10H of CDR-H2
Comparing 10M and 10I of CDR-H2
Comparing 10M and 10J of CDR-H2
Comparing 10M and 10K of CDR-H2
Comparing 10M and 10L of CDR-H2
Comparing 10M and 10N of CDR-H2
Comparing 10M and 10O of CDR-H2
Comparing 10M and 10P of CDR-H2
Comparing 10M and 10Q of CDR-H2
Comparing 10M and 10R of CDR-H2
Comparing 10M and 10S of CDR-H2
Comparing 10N and 10B of CDR-H2
Comparing 10N and 10C of CDR-H2
Comparing 10N and 10D of CDR-H2
Comparing 10N and 10E of CDR-H2
Comparing 10N and 10F of CDR-H2
Comparing 10N and 10G of CDR-H2
Comparing 10N and 10H of CDR-H2
Comparing 10N and 10I of CDR-H2
Comparing 10N and 10J of CDR-H2
Comparing 10N and 10K of CDR-H2
Comparing 10N and 10L of CDR-H2
Comparing 10N and 10M of CDR-H2
Comparing 10N and 10O of CDR-H2
Comparing 10N and 10P of CDR-H2
Comparing 10N and 10Q of CDR-H2
Comparing 10N and 10R of CDR-H2
Comparing 10N and 10S of CDR-H2
Comparing 10O and 10B of CDR-H2
Comparing 10O and 10C of CDR-H2
Comparing 10O and 10D of CDR-H2
Comparing 10O and 10E of CDR-H2
Comparing 10O and 10F of CDR-H2
Comparing 10O and 10G of CDR-H2
Comparing 10O and 10H of CDR-H2
Comparing 10O and 10I of CDR-H2
Comparing 10O and 10J of CDR-H2
Comparing 10O and 10K of CDR-H2
Comparing 10O and 10L of CDR-H2
Comparing 10O and 10M of CDR-H2
Comparing 10O and 10N of CDR-H2
Comparing 10O and 10P of CDR-H2
Comparing 10O and 10Q of CDR-H2
Comparing 10O and 10R of CDR-H2
Comparing 10O and 10S of CDR-H2
Comparing 10P and 10B of CDR-H2
Comparing 10P and 10C of CDR-H2
Comparing 10P and 10D of CDR-H2
Comparing 10P and 10E of CDR-H2
Comparing 10P and 10F of CDR-H2
Comparing 10P and 10G of CDR-H2
Comparing 10P and 10H of CDR-H2
Comparing 10P and 10I of CDR-H2
Comparing 10P and 10J of CDR-H2
Comparing 10P and 10K of CDR-H2
Comparing 10P and 10L of CDR-H2
Comparing 10P and 10M of CDR-H2
Comparing 10P and 10N of CDR-H2
Comparing 10P and 10O of CDR-H2
Comparing 10P and 10Q of CDR-H2
Comparing 10P and 10R of CDR-H2
Comparing 10P and 10S of CDR-H2
Comparing 10Q and 10B of CDR-H2
Comparing 10Q and 10C of CDR-H2
Comparing 10Q and 10D of CDR-H2
Comparing 10Q and 10E of CDR-H2
Comparing 10Q and 10F of CDR-H2
Comparing 10Q and 10G of CDR-H2
Comparing 10Q and 10H of CDR-H2
Comparing 10Q and 10I of CDR-H2
Comparing 10Q and 10J of CDR-H2
Comparing 10Q and 10K of CDR-H2
Comparing 10Q and 10L of CDR-H2
Comparing 10Q and 10M of CDR-H2
Comparing 10Q and 10N of CDR-H2
Comparing 10Q and 10O of CDR-H2
Comparing 10Q and 10P of CDR-H2
Comparing 10Q and 10R of CDR-H2
Comparing 10Q and 10S of CDR-H2
Comparing 10R and 10B of CDR-H2
Comparing 10R and 10C of CDR-H2
Comparing 10R and 10D of CDR-H2
Comparing 10R and 10E of CDR-H2
Comparing 10R and 10F of CDR-H2
Comparing 10R and 10G of CDR-H2
Comparing 10R and 10H of CDR-H2
Comparing 10R and 10I of CDR-H2
Comparing 10R and 10J of CDR-H2
Comparing 10R and 10K of CDR-H2
Comparing 10R and 10L of CDR-H2
Comparing 10R and 10M of CDR-H2
Comparing 10R and 10N of CDR-H2
Comparing 10R and 10O of CDR-H2
Comparing 10R and 10P of CDR-H2
Comparing 10R and 10Q of CDR-H2
Comparing 10R and 10S of CDR-H2
Comparing 10S and 10B of CDR-H2
Comparing 10S and 10C of CDR-H2
Comparing 10S and 10D of CDR-H2
Comparing 10S and 10E of CDR-H2
Comparing 10S and 10F of CDR-H2
Comparing 10S and 10G of CDR-H2
Comparing 10S and 10H of CDR-H2
Comparing 10S and 10I of CDR-H2
Comparing 10S and 10J of CDR-H2
Comparing 10S and 10K of CDR-H2
Comparing 10S and 10L of CDR-H2
Comparing 10S and 10M of CDR-H2
Comparing 10S and 10N of CDR-H2
Comparing 10S and 10O of CDR-H2
Comparing 10S and 10P of CDR-H2
Comparing 10S and 10Q of CDR-H2
Comparing 10S and 10R of CDR-H2
Comparing 12B and 12C of CDR-H2
Comparing 12B and 12D of CDR-H2
Comparing 12B and 12E of CDR-H2
Comparing 12C and 12B of CDR-H2
Comparing 12C and 12D of CDR-H2
Comparing 12C and 12E of CDR-H2
Comparing 12D and 12B of CDR-H2
Comparing 12D and 12C of CDR-H2
Comparing 12D and 12E of CDR-H2
Comparing 12E and 12B of CDR-H2
Comparing 12E and 12C of CDR-H2
Comparing 12E and 12D of CDR-H2
Comparing 9A and 9B of CDR-H2
Comparing 9A and 9C of CDR-H2
Comparing 9A and 9D of CDR-H2
Comparing 9A and 9E of CDR-H2
Comparing 9A and 9F of CDR-H2
Comparing 9B and 9A of CDR-H2
Comparing 9B and 9C of CDR-H2
Comparing 9B and 9D of CDR-H2
Comparing 9B and 9E of CDR-H2
Comparing 9B and 9F of CDR-H2
Comparing 9C and 9A of CDR-H2
Comparing 9C and 9B of CDR-H2
Comparing 9C and 9D of CDR-H2
Comparing 9C and 9E of CDR-H2
Comparing 9C and 9F of CDR-H2
Comparing 9D and 9A of CDR-H2
Comparing 9D and 9B of CDR-H2
Comparing 9D and 9C of CDR-H2
Comparing 9D and 9E of CDR-H2
Comparing 9D and 9F of CDR-H2
Comparing 9E and 9A of CDR-H2
Comparing 9E and 9B of CDR-H2
Comparing 9E and 9C of CDR-H2
Comparing 9E and 9D of CDR-H2
Comparing 9E and 9F of CDR-H2
Comparing 9F and 9A of CDR-H2
Comparing 9F and 9B of CDR-H2
Comparing 9F and 9C of CDR-H2
Comparing 9F and 9D of CDR-H2
Comparing 9F and 9E of CDR-H2
