Comparing 7A and 7B of CDR-L2
Comparing 7A and 7C of CDR-L2
Comparing 7A and 7D of CDR-L2
Comparing 7A and 7E of CDR-L2
Comparing 7B and 7A of CDR-L2
Comparing 7B and 7C of CDR-L2
Comparing 7B and 7D of CDR-L2
Comparing 7B and 7E of CDR-L2
Comparing 7C and 7A of CDR-L2
Comparing 7C and 7B of CDR-L2
Comparing 7C and 7D of CDR-L2
Comparing 7C and 7E of CDR-L2
Comparing 7D and 7A of CDR-L2
Comparing 7D and 7B of CDR-L2
Comparing 7D and 7C of CDR-L2
Comparing 7D and 7E of CDR-L2
Comparing 7E and 7A of CDR-L2
Comparing 7E and 7B of CDR-L2
Comparing 7E and 7C of CDR-L2
Comparing 7E and 7D of CDR-L2
